<?xml version="1.0" encoding="UTF-8"?>
<!-- Generated by org.testng.reporters.JUnitXMLReporter -->
<testsuite hostname="AU3POMP1DBQTL" ignored="0" name="CaseTest" tests="2" failures="1" timestamp="19 dic 2018 16:46:41 GMT" time="7.891" errors="0">
  <testcase name="pruebaPosicion" time="0.148" classname="tests.CaseTests">
    <skipped/>
  </testcase> <!-- pruebaPosicion -->
  <testcase name="pruebaPosicion" time="0.0" classname="tests.CaseTests">
    <failure type="java.lang.NullPointerException">
      <![CDATA[java.lang.NullPointerException
at tests.CaseTests.pruebaPosicion(CaseTests.java:67)
at tests.Main.main(Main.java:28)
... Removed 22 stack frames]]>
    </failure>
  </testcase> <!-- pruebaPosicion -->
</testsuite> <!-- CaseTest -->
